Lon	Lat	Year	Total
11.25	59.25	2020	2.225
12.25	60.25	2020	0.665
12.25	61.25	2020	0.854
12.25	62.25	2020	3.349
11.75	63.25	2020	0.0
12.25	63.75	2020	2.672
12.75	64.25	2020	0.514
13.25	64.25	2020	0.449
13.75	64.25	2020	0.491
14.25	65.25	2020	0.17
14.25	65.75	2020	0.002
14.25	66.25	2020	0.002
14.75	66.25	2020	0.202
15.25	66.75	2020	0.0
15.75	67.25	2020	0.0
16.25	67.75	2020	0.0
17.25	68.25	2020	0.0
17.75	68.25	2020	0.0
18.25	68.75	2020	0.0
18.75	68.75	2020	0.0
19.75	68.75	2020	0.014
20.25	69.25	2020	0.0
25.25	69.25	2020	0.0
25.75	69.25	2020	5.347
28.75	69.25	2020	12.012
29.25	69.25	2020	2.471
9.25	48.25	2020	9.831
19.25	51.75	2020	3.597
2.25	42.25	2020	18.687
13.25	52.75	2020	7.413
3.25	43.75	2020	9.235
26.75	68.25	2020	20.16
17.25	54.75	2020	2.532
19.25	49.75	2020	9.055
16.25	61.75	2020	17.125
14.25	56.75	2020	17.313
7.75	48.25	2020	5.775
17.75	51.75	2020	3.843
-2.25	42.75	2020	10.362
-2.25	41.25	2020	3.079
23.75	63.75	2020	13.406
-3.25	42.25	2020	14.977
8.25	49.25	2020	6.018
27.75	62.75	2020	11.864
11.75	57.75	2020	4.91
-2.25	48.25	2020	2.407
20.75	49.25	2020	11.117
26.75	61.25	2020	14.624
15.75	59.75	2020	14.03
3.25	50.75	2020	0.346
8.75	41.75	2020	2.53
20.25	54.25	2020	3.982
12.75	61.25	2020	11.843
10.25	49.75	2020	4.313
22.25	51.75	2020	5.052
5.25	45.75	2020	4.844
12.75	47.75	2020	11.224
26.75	65.75	2020	29.758
20.25	49.25	2020	10.248
3.25	48.75	2020	2.765
12.25	57.25	2020	5.902
29.25	62.75	2020	12.445
11.25	53.25	2020	7.328
26.25	61.25	2020	15.111
9.75	47.25	2020	9.782
19.75	66.75	2020	19.245
17.25	66.25	2020	15.029
6.75	44.25	2020	10.672
18.25	50.75	2020	12.142
29.75	64.75	2020	23.417
10.25	46.25	2020	15.844
-0.75	42.75	2020	18.41
9.25	49.75	2020	11.676
-5.75	39.25	2020	0.838
28.75	62.75	2020	14.467
-2.25	47.75	2020	2.777
-4.25	40.75	2020	4.509
17.25	51.25	2020	5.315
-6.75	37.25	2020	0.79
19.75	67.25	2020	13.28
10.25	52.25	2020	2.985
4.75	46.25	2020	4.038
24.75	60.25	2020	6.424
-2.25	39.25	2020	0.577
-0.25	47.25	2020	1.662
-1.25	49.25	2020	0.109
13.25	61.75	2020	18.026
26.75	62.25	2020	17.883
16.75	53.75	2020	9.393
14.75	56.75	2020	16.836
12.75	52.25	2020	7.912
-1.25	38.25	2020	1.207
22.75	54.25	2020	3.91
-0.25	38.75	2020	1.373
14.25	56.25	2020	11.062
19.25	50.75	2020	5.931
12.75	60.75	2020	26.584
12.25	49.75	2020	10.382
4.25	49.75	2020	5.048
13.25	51.75	2020	7.242
16.75	53.25	2020	9.385
25.25	64.25	2020	17.431
-1.25	39.25	2020	5.919
17.75	63.75	2020	26.241
24.25	63.75	2020	14.084
19.25	49.25	2020	11.577
-4.25	42.75	2020	6.483
22.75	49.25	2020	8.985
3.25	47.75	2020	5.857
-1.75	43.25	2020	11.951
13.75	56.75	2020	15.316
16.25	49.25	2020	6.963
25.25	68.25	2020	20.111
-4.25	38.25	2020	3.734
16.25	62.25	2020	22.751
2.75	44.25	2020	6.658
21.25	53.75	2020	7.899
26.25	63.75	2020	16.898
7.75	50.25	2020	10.565
0.75	43.75	2020	0.726
2.25	50.25	2020	0.989
27.75	64.75	2020	37.271
0.25	40.25	2020	0.25
23.75	50.75	2020	3.8
-8.25	43.25	2020	6.144
-4.75	42.75	2020	13.731
7.25	50.75	2020	6.573
24.75	61.25	2020	15.224
18.75	52.75	2020	3.918
29.25	64.75	2020	34.406
25.25	61.25	2020	12.524
5.25	46.75	2020	4.432
2.75	42.75	2020	5.49
21.75	65.75	2020	14.929
14.75	58.25	2020	8.18
16.75	61.25	2020	16.762
27.75	61.25	2020	10.259
10.75	53.25	2020	9.764
16.25	58.75	2020	10.312
22.75	63.25	2020	13.823
27.75	60.75	2020	12.979
16.75	58.75	2020	7.81
16.75	63.75	2020	28.461
6.75	52.75	2020	3.219
-3.75	42.25	2020	2.391
-0.75	40.25	2020	10.187
1.75	41.75	2020	8.133
21.25	50.75	2020	4.229
23.75	61.25	2020	11.258
20.75	65.25	2020	28.07
17.75	62.75	2020	19.376
3.75	49.25	2020	5.749
23.25	65.75	2020	10.31
23.75	67.75	2020	21.434
-1.25	40.25	2020	6.585
11.75	52.25	2020	5.186
11.75	48.75	2020	5.461
3.25	44.75	2020	18.282
18.25	66.25	2020	14.897
25.25	67.25	2020	37.975
3.75	50.75	2020	1.101
7.75	51.25	2020	9.636
10.75	48.75	2020	5.021
25.75	61.75	2020	11.411
28.75	66.75	2020	28.447
16.75	52.25	2020	2.643
-3.25	41.25	2020	6.538
-6.75	43.25	2020	10.715
-1.25	39.75	2020	7.493
-2.25	36.75	2020	0.116
28.25	64.25	2020	18.763
-4.25	39.75	2020	2.468
13.25	50.75	2020	7.05
9.25	49.25	2020	5.831
13.75	63.75	2020	18.659
1.25	45.75	2020	6.216
17.25	65.25	2020	21.743
13.25	62.25	2020	15.967
8.75	42.25	2020	4.37
-5.25	42.75	2020	10.771
15.75	51.75	2020	7.825
19.75	52.75	2020	2.5
6.75	49.25	2020	6.446
8.75	47.25	2020	6.751
25.75	67.75	2020	29.446
18.25	64.75	2020	21.223
17.25	52.75	2020	6.032
7.25	50.25	2020	9.226
28.25	60.75	2020	6.987
22.75	61.25	2020	12.967
0.25	46.25	2020	3.434
-5.75	36.75	2020	1.087
-8.25	42.75	2020	10.473
2.75	48.25	2020	6.475
1.25	47.25	2020	4.57
26.25	62.25	2020	13.766
15.75	63.25	2020	30.224
18.75	49.75	2020	6.619
25.75	63.25	2020	17.989
12.25	48.75	2020	3.842
14.25	59.25	2020	14.949
2.25	48.25	2020	3.54
18.25	65.25	2020	21.184
18.25	52.75	2020	2.708
15.25	60.25	2020	17.24
21.75	53.75	2020	7.991
29.25	64.25	2020	32.167
27.25	61.75	2020	16.044
3.75	47.75	2020	6.387
15.25	57.25	2020	20.073
26.25	67.25	2020	19.677
-0.25	42.25	2020	8.1
0.25	49.25	2020	1.343
13.75	52.75	2020	8.76
13.75	55.75	2020	6.501
23.75	60.75	2020	11.599
27.75	67.75	2020	21.776
7.25	47.75	2020	8.678
6.75	49.75	2020	8.952
18.25	53.75	2020	13.876
-4.75	36.75	2020	1.523
0.25	47.75	2020	3.655
13.25	59.75	2020	15.224
25.25	65.25	2020	8.355
1.75	42.75	2020	13.559
21.25	64.75	2020	11.068
12.75	49.75	2020	8.044
25.25	61.75	2020	12.788
-0.75	43.75	2020	7.881
9.25	48.75	2020	5.376
5.75	43.25	2020	5.197
19.75	64.75	2020	27.116
-2.25	42.25	2020	4.943
18.25	51.25	2020	4.388
-0.75	47.75	2020	0.393
25.75	64.75	2020	14.095
-7.75	42.75	2020	7.396
22.25	50.25	2020	5.689
7.75	50.75	2020	9.065
7.25	53.25	2020	0.154
-5.75	41.75	2020	1.267
9.75	49.25	2020	8.427
14.75	52.25	2020	9.058
-1.25	44.25	2020	10.934
-5.75	41.25	2020	1.465
8.25	50.25	2020	8.342
22.75	62.25	2020	24.048
-2.25	38.75	2020	5.71
25.75	61.25	2020	11.49
-3.25	37.75	2020	2.013
23.75	62.25	2020	20.382
21.75	62.75	2020	14.32
18.25	57.25	2020	5.929
26.25	65.25	2020	29.689
8.25	51.75	2020	1.016
7.25	51.75	2020	4.771
-4.75	41.25	2020	1.892
-2.75	40.25	2020	2.266
2.25	45.25	2020	14.133
25.75	60.25	2020	4.753
15.25	62.75	2020	22.1
21.75	61.75	2020	13.261
20.25	51.25	2020	8.317
-4.25	38.75	2020	2.314
-5.75	38.25	2020	2.248
17.25	64.75	2020	19.088
27.75	64.25	2020	15.86
11.25	51.25	2020	3.16
16.25	52.25	2020	5.289
0.25	44.75	2020	3.561
9.75	53.25	2020	8.187
2.25	47.75	2020	14.982
-4.75	37.75	2020	0.782
1.75	44.25	2020	9.816
13.25	63.25	2020	11.454
28.75	66.25	2020	29.735
3.75	49.75	2020	2.421
13.75	48.75	2020	11.964
3.25	47.25	2020	8.075
22.75	49.75	2020	4.795
-1.75	39.75	2020	7.977
26.75	60.75	2020	11.549
28.75	63.75	2020	21.771
16.25	57.25	2020	18.718
13.75	53.25	2020	4.729
1.75	49.25	2020	3.006
19.75	63.75	2020	21.683
27.25	67.25	2020	32.055
1.75	46.75	2020	2.854
0.25	48.75	2020	2.323
15.75	64.25	2020	22.639
8.75	48.75	2020	8.088
22.25	61.25	2020	13.176
22.25	62.25	2020	16.544
20.25	63.75	2020	13.497
2.25	43.25	2020	7.333
8.75	50.25	2020	5.088
-4.25	36.75	2020	1.001
30.25	63.25	2020	17.86
1.75	49.75	2020	2.226
-0.25	44.75	2020	3.448
-4.25	48.25	2020	2.598
-0.75	38.75	2020	3.233
27.75	65.75	2020	35.443
20.75	52.25	2020	3.683
25.75	64.25	2020	19.887
-2.25	37.25	2020	1.656
-3.25	40.25	2020	1.192
-3.25	37.25	2020	4.299
-3.25	43.25	2020	8.845
0.75	42.25	2020	12.06
12.25	57.75	2020	13.347
-4.75	42.25	2020	0.932
15.25	64.25	2020	25.415
22.25	60.25	2020	5.971
14.75	60.75	2020	17.422
20.75	51.25	2020	8.964
1.25	49.75	2020	2.415
1.25	42.75	2020	13.288
-6.25	41.25	2020	4.03
3.25	43.25	2020	0.406
6.25	50.25	2020	9.549
6.75	44.75	2020	11.585
-2.25	43.25	2020	6.896
9.75	53.75	2020	2.156
23.75	53.25	2020	5.802
5.25	48.25	2020	11.31
2.25	46.75	2020	3.243
22.75	60.75	2020	10.754
28.25	66.25	2020	29.701
-6.75	40.75	2020	3.292
15.75	63.75	2020	23.251
15.75	50.25	2020	3.298
17.75	66.75	2020	11.229
-2.75	39.75	2020	1.337
18.25	66.75	2020	11.72
17.25	63.25	2020	23.8
20.25	53.75	2020	7.574
12.75	57.25	2020	16.001
-7.75	42.25	2020	8.277
25.75	68.25	2020	22.141
-8.75	43.25	2020	4.103
-2.75	38.25	2020	7.426
0.75	47.25	2020	2.479
14.75	50.75	2020	7.848
12.25	54.25	2020	2.792
11.25	50.75	2020	9.254
19.25	53.75	2020	3.993
4.25	49.25	2020	1.507
16.25	65.75	2020	8.207
13.75	64.75	2020	3.986
14.75	62.75	2020	25.91
9.25	47.75	2020	4.214
15.25	52.25	2020	17.035
9.75	54.75	2020	1.026
7.25	49.25	2020	7.089
8.25	48.75	2020	9.934
24.25	66.25	2020	35.087
4.75	46.75	2020	4.917
5.75	50.25	2020	11.541
21.25	50.25	2020	3.321
27.75	65.25	2020	35.968
12.75	50.75	2020	4.413
-1.75	37.75	2020	2.04
21.75	51.75	2020	5.772
4.25	43.75	2020	1.848
16.75	49.25	2020	6.351
18.25	64.25	2020	23.042
22.75	50.25	2020	7.207
23.75	51.25	2020	3.288
18.75	66.75	2020	15.129
11.75	58.75	2020	15.776
23.75	52.75	2020	8.173
-2.25	39.75	2020	3.288
27.75	63.25	2020	15.001
16.25	59.75	2020	12.699
24.75	62.75	2020	34.361
21.25	65.75	2020	23.814
-5.75	40.75	2020	1.754
14.25	60.75	2020	24.677
-5.25	36.75	2020	5.11
14.25	63.75	2020	24.426
-5.25	39.75	2020	2.127
26.25	66.75	2020	36.196
1.75	48.25	2020	0.762
16.25	56.75	2020	8.626
19.25	66.25	2020	16.67
12.75	63.75	2020	8.689
12.75	56.75	2020	5.792
-2.25	37.75	2020	4.202
15.75	56.25	2020	11.966
-0.75	46.25	2020	0.854
1.75	43.25	2020	2.813
17.25	53.25	2020	4.898
6.75	47.75	2020	14.791
5.75	49.25	2020	5.518
10.25	50.25	2020	6.893
22.25	49.25	2020	14.793
0.75	44.75	2020	6.811
29.75	65.75	2020	22.649
13.75	59.75	2020	17.16
16.75	60.75	2020	18.66
6.25	43.75	2020	10.215
11.25	58.75	2020	9.514
0.25	47.25	2020	5.292
17.75	63.25	2020	19.999
14.75	57.25	2020	19.449
-6.75	38.75	2020	0.34
16.75	61.75	2020	15.336
-1.25	47.25	2020	0.278
8.25	51.25	2020	13.529
15.25	49.25	2020	6.361
21.25	49.75	2020	4.682
-3.75	39.25	2020	1.477
5.75	48.75	2020	10.628
15.75	49.25	2020	5.327
23.75	51.75	2020	1.51
25.75	65.75	2020	29.593
2.75	50.25	2020	0.309
13.75	49.75	2020	8.397
19.25	54.25	2020	1.331
18.75	59.75	2020	9.371
12.25	50.75	2020	3.502
19.75	66.25	2020	19.992
28.25	65.75	2020	32.533
5.75	44.25	2020	13.487
10.25	51.75	2020	9.472
31.25	62.75	2020	12.37
4.25	45.25	2020	13.869
10.25	46.75	2020	4.303
-5.75	39.75	2020	1.513
12.75	57.75	2020	16.614
5.25	44.25	2020	11.208
-6.25	39.75	2020	1.016
8.25	53.25	2020	0.882
2.75	49.75	2020	1.461
19.25	53.25	2020	3.327
4.25	48.25	2020	5.197
29.25	62.25	2020	11.708
2.75	41.75	2020	6.041
-5.75	42.75	2020	6.287
13.25	52.25	2020	6.933
27.25	65.75	2020	34.139
29.25	67.25	2020	14.915
0.75	45.75	2020	7.419
27.25	66.25	2020	36.09
0.25	44.25	2020	4.273
12.75	49.25	2020	8.644
1.75	45.75	2020	14.118
4.25	48.75	2020	1.221
7.75	47.75	2020	8.567
26.75	66.25	2020	33.194
16.25	49.75	2020	5.706
26.75	63.25	2020	16.148
9.25	46.25	2020	12.068
-7.25	43.25	2020	13.545
21.75	50.25	2020	6.989
22.75	52.75	2020	5.044
9.25	53.25	2020	3.086
31.25	63.25	2020	14.753
7.25	46.75	2020	5.662
24.75	63.75	2020	15.738
-0.75	45.75	2020	2.682
7.75	46.75	2020	9.002
12.75	58.25	2020	8.984
11.25	49.25	2020	11.701
28.75	64.25	2020	33.8
-0.75	47.25	2020	0.748
21.75	62.25	2020	16.517
2.75	42.25	2020	12.735
9.75	52.25	2020	3.823
13.25	53.25	2020	9.472
-5.25	37.25	2020	0.833
18.25	50.25	2020	4.905
4.25	46.25	2020	4.411
1.25	47.75	2020	3.898
25.25	67.75	2020	33.464
5.25	44.75	2020	14.431
14.75	63.25	2020	23.08
15.75	60.25	2020	13.952
3.75	46.75	2020	5.225
17.25	50.25	2020	10.101
0.25	45.25	2020	6.944
22.75	50.75	2020	7.027
20.25	49.75	2020	8.765
7.25	48.75	2020	10.844
12.75	48.75	2020	3.543
16.75	65.25	2020	16.934
-6.25	42.25	2020	9.998
1.25	44.75	2020	10.975
20.25	64.75	2020	23.189
5.75	48.25	2020	10.091
11.75	49.25	2020	8.367
-0.25	42.75	2020	13.065
-7.25	42.75	2020	9.887
-4.25	39.25	2020	3.266
4.75	49.75	2020	11.681
20.75	67.75	2020	19.411
-3.75	47.75	2020	0.994
15.75	58.75	2020	13.302
18.75	64.25	2020	29.105
0.75	46.75	2020	3.522
24.25	61.25	2020	11.928
-1.75	41.75	2020	3.95
6.75	43.75	2020	11.846
14.25	58.75	2020	12.732
29.25	66.25	2020	17.964
-2.75	39.25	2020	1.068
14.25	53.25	2020	2.826
18.75	65.75	2020	23.45
14.75	61.75	2020	25.57
9.25	50.25	2020	9.291
18.25	63.25	2020	17.85
19.25	66.75	2020	17.999
7.75	52.75	2020	2.774
6.25	49.25	2020	5.541
10.25	50.75	2020	9.767
28.25	63.75	2020	21.62
-8.75	42.25	2020	5.129
26.75	61.75	2020	12.859
4.25	51.25	2020	2.147
10.75	53.75	2020	3.495
-4.75	40.25	2020	3.58
24.75	65.75	2020	9.375
20.75	53.25	2020	9.563
25.25	62.75	2020	18.866
-0.75	42.25	2020	7.099
18.75	53.25	2020	2.323
-7.75	43.75	2020	4.496
13.75	63.25	2020	19.37
-3.25	40.75	2020	2.401
-0.25	41.25	2020	0.997
19.75	64.25	2020	26.832
11.25	50.25	2020	9.635
23.25	62.75	2020	12.703
6.25	48.75	2020	5.471
8.75	50.75	2020	8.269
25.25	66.75	2020	38.908
16.25	64.25	2020	24.028
5.25	46.25	2020	6.361
17.75	50.75	2020	9.357
25.25	60.75	2020	15.603
13.25	53.75	2020	2.673
-8.25	42.25	2020	8.274
22.25	49.75	2020	7.589
24.75	66.25	2020	35.295
-6.75	42.75	2020	11.47
-1.25	48.75	2020	0.578
3.25	45.25	2020	13.332
30.25	62.25	2020	15.084
13.75	50.25	2020	4.317
5.25	43.75	2020	5.15
-0.75	46.75	2020	0.992
4.75	50.25	2020	8.832
18.75	51.75	2020	3.373
14.75	59.25	2020	15.246
10.75	48.25	2020	5.153
16.75	51.75	2020	3.859
13.75	53.75	2020	4.155
27.75	62.25	2020	15.567
17.25	53.75	2020	10.322
24.75	62.25	2020	21.018
-5.25	43.25	2020	12.909
-4.25	42.25	2020	1.076
26.25	64.75	2020	15.595
-0.25	40.25	2020	7.597
-3.75	41.25	2020	5.436
-3.75	37.75	2020	2.026
1.25	48.25	2020	1.863
5.25	52.25	2020	4.271
22.25	53.25	2020	5.048
-7.25	39.25	2020	1.574
24.25	62.25	2020	17.324
9.75	50.25	2020	11.192
21.25	66.75	2020	18.824
16.25	52.75	2020	12.729
22.25	51.25	2020	3.426
5.75	47.75	2020	8.253
26.25	62.75	2020	12.744
20.75	51.75	2020	3.139
8.75	46.25	2020	12.711
19.25	67.25	2020	10.793
23.25	60.75	2020	9.753
16.25	63.25	2020	27.064
4.75	51.75	2020	1.613
16.25	53.25	2020	12.079
19.75	65.75	2020	25.044
13.25	56.75	2020	15.402
19.75	54.25	2020	4.103
12.25	52.75	2020	6.112
10.25	48.25	2020	4.857
19.25	50.25	2020	6.293
23.75	62.75	2020	18.074
13.75	49.25	2020	6.768
5.25	50.75	2020	1.657
24.75	67.75	2020	32.642
22.25	62.75	2020	13.349
-3.75	48.75	2020	1.657
9.75	52.75	2020	12.812
10.75	50.75	2020	9.491
10.75	47.75	2020	6.637
19.75	51.25	2020	5.82
3.75	45.25	2020	16.792
2.25	44.25	2020	5.611
-3.75	36.75	2020	1.761
-5.75	42.25	2020	1.0
4.75	48.75	2020	5.124
15.75	62.75	2020	28.064
15.75	52.25	2020	9.528
-5.75	37.75	2020	1.762
22.75	53.25	2020	5.688
14.25	52.25	2020	8.373
-1.25	40.75	2020	3.652
4.25	50.25	2020	6.113
16.25	60.75	2020	23.736
-4.75	41.75	2020	1.715
5.75	52.25	2020	11.198
2.25	43.75	2020	5.485
6.25	43.25	2020	4.381
9.75	48.75	2020	11.651
6.25	49.75	2020	6.524
-1.75	38.75	2020	1.672
10.75	50.25	2020	9.313
4.75	52.75	2020	0.499
-4.75	39.75	2020	2.874
28.25	62.75	2020	13.329
-1.25	48.25	2020	0.684
25.75	63.75	2020	17.878
12.75	63.25	2020	12.698
9.25	42.25	2020	7.505
24.25	61.75	2020	14.284
-0.75	49.25	2020	0.47
18.75	53.75	2020	5.9
22.25	63.25	2020	11.483
20.25	53.25	2020	4.215
8.75	52.25	2020	1.569
10.75	49.25	2020	9.406
2.75	47.25	2020	3.615
29.25	65.25	2020	32.414
-0.25	39.75	2020	1.393
-3.75	38.25	2020	2.372
22.25	54.25	2020	4.758
-6.75	41.75	2020	4.657
9.25	52.25	2020	4.856
14.75	63.75	2020	24.947
17.25	58.75	2020	5.677
13.75	57.75	2020	19.781
8.25	47.25	2020	4.269
22.25	61.75	2020	18.676
1.75	50.25	2020	1.149
7.75	53.75	2020	0.299
26.75	63.75	2020	16.777
4.25	51.75	2020	0.376
25.25	65.75	2020	23.211
16.25	59.25	2020	9.602
4.25	47.75	2020	8.711
1.25	45.25	2020	8.063
30.25	62.75	2020	18.449
0.75	44.25	2020	1.461
11.75	59.25	2020	8.705
20.25	67.25	2020	15.903
15.25	57.75	2020	18.51
15.25	53.75	2020	5.941
8.75	49.75	2020	7.73
18.75	66.25	2020	16.418
25.75	60.75	2020	14.248
25.25	63.25	2020	20.894
0.75	49.25	2020	3.735
-2.75	42.75	2020	7.749
15.75	65.25	2020	11.238
-2.75	47.75	2020	1.766
22.25	67.75	2020	17.5
-0.25	45.25	2020	5.57
14.75	52.75	2020	6.794
12.25	50.25	2020	8.774
23.25	50.75	2020	4.781
6.75	48.25	2020	15.15
22.75	66.75	2020	23.046
16.75	52.75	2020	8.4
7.25	47.25	2020	9.119
12.25	51.25	2020	1.167
2.75	45.25	2020	9.82
23.75	66.25	2020	14.466
0.25	41.25	2020	3.968
22.25	66.75	2020	22.338
2.25	41.75	2020	10.75
28.75	62.25	2020	13.204
-0.25	45.75	2020	1.921
13.75	51.25	2020	6.046
27.25	62.75	2020	17.92
23.25	50.25	2020	7.984
8.25	52.25	2020	4.29
11.75	53.75	2020	4.444
10.25	53.75	2020	4.775
-3.75	38.75	2020	0.78
16.75	50.25	2020	9.432
11.75	49.75	2020	12.024
22.25	68.25	2020	10.65
11.75	53.25	2020	5.98
15.25	51.75	2020	9.64
14.25	61.75	2020	27.566
17.25	59.25	2020	7.689
-0.25	47.75	2020	2.288
7.75	49.75	2020	7.577
11.75	51.25	2020	1.81
1.75	46.25	2020	6.802
13.25	54.25	2020	2.061
8.75	53.75	2020	1.358
17.25	61.75	2020	11.582
24.25	67.25	2020	41.217
27.25	68.25	2020	16.17
23.25	63.75	2020	14.308
23.25	67.25	2020	20.898
0.75	43.25	2020	4.948
5.75	51.75	2020	2.564
12.75	61.75	2020	20.685
23.25	67.75	2020	24.149
1.25	49.25	2020	4.722
7.75	48.75	2020	5.175
7.25	44.25	2020	14.413
4.75	52.25	2020	0.579
1.75	43.75	2020	1.955
24.25	66.75	2020	21.146
16.75	51.25	2020	4.221
20.75	53.75	2020	7.063
18.75	64.75	2020	27.662
-1.25	47.75	2020	1.694
24.75	66.75	2020	21.074
-5.25	40.25	2020	2.939
-2.75	42.25	2020	11.959
24.25	65.75	2020	5.071
19.75	53.25	2020	5.245
7.75	49.25	2020	15.447
19.25	65.25	2020	24.378
12.75	51.75	2020	6.299
-3.25	47.75	2020	3.362
-2.75	43.25	2020	8.997
14.25	52.75	2020	5.32
16.75	54.25	2020	8.568
14.25	53.75	2020	7.486
-0.25	46.75	2020	1.414
28.75	61.75	2020	12.603
15.25	50.75	2020	9.59
17.25	60.75	2020	12.739
-4.75	38.75	2020	0.919
16.75	56.75	2020	1.302
-2.25	40.75	2020	11.456
9.25	53.75	2020	0.735
6.75	48.75	2020	6.812
-5.25	38.75	2020	0.423
17.75	50.25	2020	2.733
26.25	64.25	2020	17.209
13.75	56.25	2020	15.145
17.25	62.75	2020	25.801
25.25	63.75	2020	17.047
3.75	48.25	2020	4.234
11.75	50.25	2020	8.619
5.75	46.75	2020	11.751
-0.75	37.75	2020	0.121
28.75	65.25	2020	32.3
25.25	64.75	2020	13.36
23.75	67.25	2020	25.467
-1.25	41.25	2020	3.703
-0.75	41.25	2020	1.366
-6.25	39.25	2020	0.812
14.75	62.25	2020	25.993
5.75	50.75	2020	3.602
13.75	52.25	2020	11.186
12.25	58.25	2020	17.121
6.25	47.75	2020	11.842
13.25	60.25	2020	23.05
-6.25	42.75	2020	16.371
28.25	63.25	2020	15.801
-6.25	38.25	2020	1.246
0.75	46.25	2020	2.799
17.25	64.25	2020	22.365
24.25	62.75	2020	19.525
-5.25	39.25	2020	1.759
12.75	62.25	2020	12.514
13.75	60.25	2020	23.362
27.25	60.75	2020	14.29
8.75	47.75	2020	6.218
11.25	53.75	2020	2.275
3.25	48.25	2020	4.2
-1.25	42.75	2020	11.964
-7.75	41.75	2020	8.279
20.25	50.25	2020	2.572
15.25	62.25	2020	26.691
16.25	51.25	2020	4.218
12.25	59.25	2020	18.663
26.75	67.75	2020	14.109
11.75	58.25	2020	16.627
25.25	62.25	2020	20.747
4.75	45.75	2020	3.565
12.75	62.75	2020	6.788
14.25	51.25	2020	6.519
5.75	45.25	2020	13.362
2.75	46.25	2020	4.309
6.25	45.75	2020	12.999
3.25	49.75	2020	2.592
0.25	42.75	2020	12.679
-4.75	40.75	2020	1.704
9.75	46.75	2020	10.512
6.75	51.25	2020	1.558
-0.75	40.75	2020	5.325
24.75	64.25	2020	20.707
23.25	54.25	2020	4.15
26.75	64.25	2020	29.361
17.25	50.75	2020	1.867
17.25	60.25	2020	13.377
23.75	60.25	2020	11.035
17.25	49.75	2020	5.32
17.75	59.75	2020	10.325
22.75	53.75	2020	5.966
7.75	44.25	2020	13.61
15.25	59.25	2020	7.919
18.25	59.75	2020	11.122
9.75	49.75	2020	5.918
27.25	65.25	2020	27.022
8.75	49.25	2020	6.713
28.75	67.75	2020	28.008
28.25	68.25	2020	13.135
2.25	47.25	2020	10.014
15.75	58.25	2020	12.316
1.25	48.75	2020	2.67
19.25	64.75	2020	25.649
14.25	61.25	2020	27.421
14.75	57.75	2020	17.314
23.75	50.25	2020	0.98
1.25	43.25	2020	3.705
-3.25	42.75	2020	6.481
1.25	44.25	2020	4.282
5.75	47.25	2020	9.955
20.75	54.25	2020	2.762
24.25	63.25	2020	20.688
5.75	52.75	2020	0.857
15.25	52.75	2020	12.87
13.25	49.25	2020	10.924
-6.75	37.75	2020	4.686
8.25	52.75	2020	1.851
2.25	49.75	2020	1.098
12.25	60.75	2020	5.429
18.75	50.75	2020	10.221
22.25	53.75	2020	6.186
-6.25	38.75	2020	0.371
-1.75	49.25	2020	0.32
22.25	52.25	2020	3.631
3.25	50.25	2020	0.708
14.75	53.25	2020	4.528
-0.75	48.75	2020	1.266
22.75	67.25	2020	17.868
1.75	48.75	2020	5.653
18.25	49.75	2020	3.632
1.75	47.75	2020	12.412
29.75	62.75	2020	12.704
-6.25	37.25	2020	0.217
15.25	56.75	2020	20.628
23.25	52.25	2020	5.27
16.25	50.25	2020	7.03
24.25	60.75	2020	15.476
2.75	50.75	2020	0.279
9.25	51.75	2020	6.633
10.25	51.25	2020	7.052
16.25	54.25	2020	5.358
2.25	44.75	2020	10.102
-0.75	44.75	2020	17.171
8.75	52.75	2020	1.558
5.75	43.75	2020	9.842
13.25	57.25	2020	15.884
-8.25	41.75	2020	7.899
3.75	44.75	2020	19.818
25.75	65.25	2020	18.225
-0.75	39.75	2020	5.744
-1.75	41.25	2020	3.733
2.25	45.75	2020	14.677
26.25	68.25	2020	18.854
16.75	49.75	2020	6.932
27.25	64.25	2020	15.782
0.25	42.25	2020	10.46
19.75	65.25	2020	25.509
19.75	49.75	2020	9.07
27.75	66.25	2020	21.786
-7.75	43.25	2020	7.333
15.75	51.25	2020	6.709
12.75	52.75	2020	5.334
-8.75	41.75	2020	4.363
6.75	45.25	2020	10.393
5.25	51.25	2020	8.281
23.25	63.25	2020	15.486
11.75	52.75	2020	3.604
21.25	62.75	2020	11.488
6.25	44.75	2020	7.877
20.75	64.25	2020	24.05
23.25	52.75	2020	5.141
14.25	63.25	2020	17.202
8.25	46.75	2020	8.458
6.25	46.75	2020	11.432
14.75	49.75	2020	5.272
14.75	64.75	2020	7.267
29.75	63.75	2020	37.18
16.25	65.25	2020	18.046
5.25	49.25	2020	8.474
-0.75	43.25	2020	7.394
12.75	54.25	2020	3.751
20.25	52.25	2020	2.992
23.75	61.75	2020	14.333
4.75	47.75	2020	12.712
21.25	64.25	2020	9.619
16.75	65.75	2020	16.832
24.25	60.25	2020	9.065
23.25	60.25	2020	15.403
12.75	50.25	2020	12.845
1.75	41.25	2020	3.074
3.75	43.75	2020	5.898
12.25	48.25	2020	4.131
-3.25	41.75	2020	6.269
12.75	53.75	2020	3.239
23.25	68.25	2020	12.946
4.25	47.25	2020	8.716
-2.75	36.75	2020	0.612
9.75	46.25	2020	15.225
22.75	51.25	2020	3.937
14.75	56.25	2020	14.824
5.75	45.75	2020	10.118
12.75	48.25	2020	4.046
24.25	68.25	2020	16.368
19.75	50.25	2020	4.979
12.75	59.75	2020	18.505
6.25	44.25	2020	18.119
20.75	50.25	2020	1.624
19.75	53.75	2020	5.861
19.75	50.75	2020	7.566
16.75	64.25	2020	22.438
27.25	63.75	2020	15.163
-4.25	37.25	2020	2.063
-5.75	38.75	2020	0.921
26.25	60.75	2020	14.355
7.75	46.25	2020	3.585
30.25	64.25	2020	23.236
21.25	67.25	2020	17.657
28.25	61.75	2020	15.445
26.25	66.25	2020	35.724
11.75	48.25	2020	3.901
13.75	58.75	2020	7.274
-7.25	37.25	2020	0.806
15.25	61.25	2020	28.481
18.25	49.25	2020	11.832
7.25	52.25	2020	3.633
24.25	64.25	2020	16.678
21.75	49.75	2020	4.229
12.25	49.25	2020	10.897
-1.75	39.25	2020	0.316
18.25	52.25	2020	3.194
-2.75	37.75	2020	5.195
14.75	51.25	2020	7.022
27.25	64.75	2020	32.734
23.75	53.75	2020	2.984
27.75	66.75	2020	31.714
14.25	50.75	2020	8.118
17.75	65.75	2020	21.952
26.75	62.75	2020	11.956
20.25	66.25	2020	23.352
29.75	63.25	2020	13.782
-3.25	48.25	2020	4.247
19.25	65.75	2020	27.33
-1.25	43.75	2020	7.666
13.25	49.75	2020	6.311
25.25	66.25	2020	14.713
17.25	51.75	2020	3.259
2.25	50.75	2020	0.494
14.25	51.75	2020	7.307
5.25	50.25	2020	9.113
7.25	51.25	2020	4.752
1.25	43.75	2020	1.733
22.25	65.75	2020	14.192
17.25	62.25	2020	14.173
10.75	52.25	2020	3.505
29.75	67.75	2020	11.004
2.75	47.75	2020	5.348
16.25	63.75	2020	27.326
-2.75	41.25	2020	3.832
22.25	67.25	2020	18.749
0.75	48.25	2020	2.723
21.25	52.25	2020	6.746
15.75	57.25	2020	21.103
6.75	46.25	2020	10.318
-0.25	46.25	2020	2.05
19.25	52.75	2020	6.155
21.75	52.25	2020	4.508
-0.75	44.25	2020	20.239
18.25	65.75	2020	21.031
-0.75	48.25	2020	0.962
2.25	48.75	2020	2.716
4.75	43.75	2020	1.263
22.75	67.75	2020	22.309
-1.75	48.25	2020	1.031
29.75	66.25	2020	12.256
25.75	66.25	2020	35.999
28.25	65.25	2020	35.559
0.75	49.75	2020	1.133
24.25	67.75	2020	33.28
22.75	60.25	2020	12.034
29.75	65.25	2020	18.614
1.75	47.25	2020	8.379
6.25	45.25	2020	10.83
-5.25	41.75	2020	0.563
0.25	48.25	2020	1.658
2.75	49.25	2020	4.393
16.75	64.75	2020	20.254
29.75	64.25	2020	20.87
17.75	64.75	2020	21.865
8.75	46.75	2020	7.36
16.25	50.75	2020	7.567
16.75	58.25	2020	11.093
-3.75	37.25	2020	1.927
30.75	62.75	2020	17.68
15.25	58.75	2020	14.346
-2.25	41.75	2020	3.241
11.25	49.75	2020	8.423
-6.75	40.25	2020	4.206
4.25	44.75	2020	15.987
1.25	46.25	2020	4.745
16.75	50.75	2020	2.878
8.75	51.25	2020	9.906
13.75	57.25	2020	15.954
17.25	54.25	2020	9.886
28.75	64.75	2020	19.245
28.75	61.25	2020	12.043
13.25	59.25	2020	6.387
17.75	60.25	2020	14.153
16.25	53.75	2020	8.896
-5.25	42.25	2020	0.263
29.25	63.25	2020	14.183
-5.75	40.25	2020	5.324
-0.25	49.25	2020	0.261
12.75	59.25	2020	14.871
10.25	53.25	2020	9.706
9.75	48.25	2020	5.894
8.75	51.75	2020	5.902
18.25	59.25	2020	8.234
27.75	61.75	2020	24.5
6.25	51.25	2020	2.322
24.75	64.75	2020	12.751
15.25	56.25	2020	10.918
12.25	59.75	2020	17.19
14.25	62.75	2020	20.422
-6.25	40.75	2020	4.805
6.25	52.75	2020	3.398
3.75	48.75	2020	4.334
26.25	65.75	2020	31.323
10.25	54.25	2020	1.56
9.75	51.25	2020	9.566
-0.25	43.75	2020	5.459
25.75	62.25	2020	13.985
18.75	65.25	2020	24.432
13.25	60.75	2020	26.113
-4.75	43.25	2020	8.803
22.75	62.75	2020	12.652
18.25	62.75	2020	7.399
19.75	52.25	2020	1.994
27.25	66.75	2020	31.603
14.75	53.75	2020	10.407
17.25	63.75	2020	24.233
18.75	63.25	2020	15.521
27.25	61.25	2020	14.981
17.75	54.25	2020	14.265
-5.25	36.25	2020	1.23
14.25	58.25	2020	8.274
2.75	43.75	2020	11.951
11.75	47.75	2020	11.416
17.75	64.25	2020	22.417
2.75	45.75	2020	12.045
2.25	42.75	2020	14.462
23.25	62.25	2020	20.217
15.75	61.75	2020	22.865
16.25	62.75	2020	27.11
6.25	48.25	2020	8.594
21.25	49.25	2020	9.072
25.25	60.25	2020	4.345
3.75	46.25	2020	5.272
20.25	66.75	2020	16.806
-7.25	38.75	2020	0.831
1.25	42.25	2020	18.706
18.25	63.75	2020	29.197
12.25	52.25	2020	9.108
15.25	59.75	2020	18.722
13.75	61.75	2020	23.622
18.25	54.25	2020	5.815
-0.75	39.25	2020	2.201
20.75	64.75	2020	22.028
29.25	61.75	2020	10.879
-4.25	40.25	2020	2.048
27.75	67.25	2020	33.372
23.25	61.75	2020	13.289
-1.25	42.25	2020	2.998
30.75	63.25	2020	17.478
13.75	62.25	2020	26.85
28.25	62.25	2020	12.131
18.75	52.25	2020	2.04
5.75	49.75	2020	9.901
0.75	48.75	2020	5.486
9.25	45.75	2020	5.934
4.75	44.75	2020	8.657
19.25	51.25	2020	4.804
20.25	65.75	2020	24.168
14.25	59.75	2020	16.434
10.75	51.25	2020	2.827
14.75	60.25	2020	22.081
4.75	51.25	2020	4.884
7.75	53.25	2020	1.212
28.75	63.25	2020	21.663
21.75	52.75	2020	7.643
7.25	49.75	2020	10.737
16.75	59.25	2020	10.154
28.25	61.25	2020	9.103
28.25	64.75	2020	38.383
4.75	47.25	2020	10.748
11.75	59.75	2020	6.418
11.25	48.25	2020	4.797
0.75	42.75	2020	11.746
5.75	51.25	2020	5.73
14.75	51.75	2020	10.405
9.25	50.75	2020	8.318
0.25	41.75	2020	0.604
19.75	51.75	2020	3.609
17.75	52.25	2020	3.372
21.75	49.25	2020	9.662
-0.25	44.25	2020	18.585
-1.75	47.75	2020	1.636
18.25	60.25	2020	10.813
15.75	54.25	2020	1.235
3.25	46.75	2020	5.576
14.25	55.75	2020	3.0
11.25	47.75	2020	8.533
5.25	47.25	2020	5.537
9.25	51.25	2020	6.663
17.75	54.75	2020	5.003
13.75	62.75	2020	14.34
6.25	46.25	2020	6.421
22.25	66.25	2020	21.067
-2.75	37.25	2020	5.465
21.75	53.25	2020	7.75
23.25	66.75	2020	21.342
18.75	51.25	2020	5.024
7.25	45.75	2020	7.498
20.75	49.75	2020	6.181
18.75	54.25	2020	1.668
-3.75	41.75	2020	1.811
10.25	48.75	2020	7.139
18.75	67.25	2020	7.873
15.75	50.75	2020	10.553
14.25	49.75	2020	6.706
5.25	51.75	2020	1.672
-2.75	38.75	2020	2.648
17.75	59.25	2020	8.23
15.25	63.75	2020	22.612
0.25	45.75	2020	5.575
16.75	62.25	2020	21.172
21.75	50.75	2020	4.666
14.75	59.75	2020	19.249
0.75	41.25	2020	4.978
4.75	48.25	2020	9.816
6.75	47.25	2020	11.851
26.25	63.25	2020	20.858
12.25	61.75	2020	10.092
2.25	46.25	2020	3.144
1.25	41.25	2020	2.957
3.25	49.25	2020	4.816
-1.25	43.25	2020	8.091
-1.75	40.75	2020	7.909
4.25	46.75	2020	5.857
20.75	65.75	2020	23.592
-7.25	38.25	2020	1.242
6.75	50.75	2020	3.472
17.25	59.75	2020	9.657
15.75	60.75	2020	18.155
16.25	58.25	2020	14.799
21.25	66.25	2020	21.768
0.75	41.75	2020	2.604
9.25	54.25	2020	1.271
15.75	53.75	2020	6.498
-5.25	37.75	2020	1.542
27.25	62.25	2020	15.987
16.25	60.25	2020	15.389
9.25	46.75	2020	8.721
9.25	54.75	2020	1.852
1.75	44.75	2020	8.895
17.75	51.25	2020	6.154
2.75	44.75	2020	11.325
15.25	60.75	2020	22.06
14.75	61.25	2020	23.687
15.75	49.75	2020	5.058
-3.75	40.25	2020	0.364
15.75	57.75	2020	19.752
7.75	47.25	2020	6.474
-5.25	38.25	2020	3.38
10.25	47.75	2020	5.434
25.75	62.75	2020	15.219
6.75	50.25	2020	10.896
-6.75	38.25	2020	3.244
11.25	47.25	2020	14.059
9.25	42.75	2020	1.291
16.75	63.25	2020	27.404
20.25	51.75	2020	3.996
13.25	63.75	2020	10.668
-5.75	36.25	2020	2.855
-1.75	46.75	2020	0.491
15.75	53.25	2020	10.902
22.75	52.25	2020	4.936
27.75	68.25	2020	14.354
6.25	52.25	2020	4.127
17.75	49.75	2020	6.172
10.25	47.25	2020	9.622
-1.75	42.25	2020	0.501
25.75	67.25	2020	34.651
18.75	63.75	2020	24.843
6.25	53.25	2020	0.697
-0.25	41.75	2020	1.103
0.75	47.75	2020	2.747
27.75	63.75	2020	19.724
0.25	43.75	2020	1.633
17.75	52.75	2020	2.721
15.25	61.75	2020	29.812
17.75	49.25	2020	7.941
29.25	61.25	2020	6.354
15.75	62.25	2020	26.848
8.25	47.75	2020	10.898
21.75	67.25	2020	20.818
-0.25	48.75	2020	2.42
15.25	64.75	2020	13.673
13.25	48.25	2020	4.774
5.75	44.75	2020	15.315
14.25	57.75	2020	15.733
23.25	53.25	2020	8.972
30.25	63.75	2020	12.623
9.25	52.75	2020	3.525
16.25	51.75	2020	5.802
11.75	50.75	2020	8.367
22.75	51.75	2020	5.74
3.25	45.75	2020	4.998
28.75	67.25	2020	31.507
21.75	66.25	2020	22.256
-3.25	38.25	2020	1.864
24.75	63.25	2020	19.374
11.25	52.25	2020	4.188
28.25	67.75	2020	25.253
7.25	46.25	2020	10.912
-3.75	43.25	2020	6.872
22.25	50.75	2020	11.656
18.75	50.25	2020	5.977
12.75	53.25	2020	9.944
10.25	52.75	2020	16.047
9.25	41.75	2020	4.874
9.75	47.75	2020	4.095
-5.25	41.25	2020	0.233
21.25	67.75	2020	17.336
21.75	61.25	2020	12.326
13.25	58.25	2020	7.851
7.25	43.75	2020	6.37
0.25	43.25	2020	6.24
29.25	63.75	2020	34.589
14.25	64.25	2020	9.113
16.25	61.25	2020	17.618
-7.25	42.25	2020	7.956
23.75	63.25	2020	13.996
5.25	45.25	2020	7.919
-6.25	40.25	2020	3.241
-3.75	40.75	2020	4.836
13.25	57.75	2020	15.859
13.75	58.25	2020	9.697
0.25	40.75	2020	6.675
13.25	62.75	2020	12.886
18.25	51.75	2020	3.811
-3.75	48.25	2020	3.936
-0.75	38.25	2020	0.482
21.75	67.75	2020	16.878
-2.75	41.75	2020	9.748
26.75	66.75	2020	34.952
8.75	53.25	2020	1.268
-2.25	38.25	2020	7.54
-8.75	42.75	2020	8.026
11.75	51.75	2020	0.616
17.75	65.25	2020	20.197
-1.75	40.25	2020	15.397
22.25	52.75	2020	4.674
-1.25	38.75	2020	2.154
17.75	66.25	2020	15.996
14.25	62.25	2020	23.426
8.75	48.25	2020	11.821
1.75	42.25	2020	17.813
8.25	48.25	2020	13.542
17.75	53.75	2020	9.907
21.25	51.75	2020	6.773
13.25	61.25	2020	22.438
16.75	59.75	2020	10.76
1.25	46.75	2020	4.638
19.25	63.75	2020	24.872
17.25	52.25	2020	3.602
6.25	51.75	2020	1.984
10.75	51.75	2020	10.388
4.75	44.25	2020	4.367
3.25	46.25	2020	3.05
28.25	67.25	2020	32.592
12.75	51.25	2020	3.178
11.25	52.75	2020	5.449
18.25	54.75	2020	5.303
0.75	45.25	2020	9.46
-1.25	37.75	2020	0.484
20.75	66.75	2020	17.323
8.25	50.75	2020	10.808
20.75	67.25	2020	20.822
16.25	64.75	2020	18.444
12.75	56.25	2020	2.198
14.75	64.25	2020	21.002
20.75	52.75	2020	2.157
13.75	60.75	2020	25.108
21.25	54.25	2020	2.166
14.75	48.75	2020	11.164
18.25	53.25	2020	5.541
19.25	64.25	2020	25.51
14.75	50.25	2020	2.594
-4.75	38.25	2020	2.614
9.25	47.25	2020	6.852
12.25	47.75	2020	9.539
0.25	46.75	2020	3.213
21.75	66.75	2020	23.147
6.75	45.75	2020	11.093
9.75	50.75	2020	8.467
9.75	54.25	2020	3.622
-3.75	42.75	2020	7.573
1.75	45.25	2020	12.112
4.75	50.75	2020	1.482
8.75	45.75	2020	4.316
-3.25	48.75	2020	1.186
-6.75	41.25	2020	4.072
12.75	60.25	2020	24.237
-2.75	48.25	2020	1.882
-1.75	47.25	2020	0.613
21.25	65.25	2020	16.584
6.25	50.75	2020	6.547
21.25	51.25	2020	5.823
22.75	66.25	2020	19.678
27.25	63.25	2020	15.162
24.75	67.25	2020	35.888
1.25	41.75	2020	3.904
6.75	52.25	2020	3.016
3.75	47.25	2020	8.701
2.75	46.75	2020	4.266
7.75	51.75	2020	2.157
4.75	45.25	2020	7.555
-0.75	41.75	2020	1.005
21.25	53.25	2020	9.13
8.25	46.25	2020	11.508
15.25	63.25	2020	28.328
22.25	60.75	2020	12.703
5.25	49.75	2020	11.133
14.25	57.25	2020	16.87
23.75	66.75	2020	24.682
6.75	46.75	2020	4.872
28.25	66.75	2020	37.404
21.75	63.25	2020	7.119
-2.25	40.25	2020	6.594
22.75	61.75	2020	16.327
14.25	64.75	2020	8.726
14.25	48.75	2020	10.151
-2.25	47.25	2020	0.428
5.75	46.25	2020	14.487
3.75	45.75	2020	17.69
20.25	50.75	2020	5.469
26.75	64.75	2020	28.401
14.25	60.25	2020	24.629
28.75	65.75	2020	30.72
-6.75	39.25	2020	1.293
23.25	53.75	2020	8.803
19.25	52.25	2020	1.677
13.75	50.75	2020	7.135
20.75	50.75	2020	5.582
-6.75	42.25	2020	10.285
3.75	50.25	2020	2.847
23.25	61.25	2020	16.447
23.25	66.25	2020	17.867
20.25	64.25	2020	25.885
22.75	65.75	2020	11.045
17.25	49.25	2020	4.206
-4.75	39.25	2020	3.492
12.25	53.75	2020	4.777
10.25	49.25	2020	8.9
0.75	40.75	2020	0.822
25.75	66.75	2020	39.957
14.75	49.25	2020	6.067
21.75	54.25	2020	3.272
8.25	49.75	2020	1.206
19.75	49.25	2020	8.262
-5.25	40.75	2020	1.37
14.75	58.75	2020	11.906
-4.25	41.25	2020	7.199
17.75	53.25	2020	5.7
-0.25	40.75	2020	7.257
13.25	55.75	2020	2.295
20.25	52.75	2020	2.579
-7.25	41.75	2020	3.974
6.25	47.25	2020	13.789
26.75	67.25	2020	22.166
-7.25	39.75	2020	2.43
9.75	51.75	2020	8.315
2.25	49.25	2020	3.222
-0.75	45.25	2020	3.937
-3.25	36.75	2020	1.043
26.25	61.75	2020	13.94
15.75	59.25	2020	7.757
6.75	51.75	2020	5.005
2.75	48.75	2020	4.157
8.75	54.75	2020	0.304
26.75	65.25	2020	25.696
13.75	51.75	2020	7.732
4.25	45.75	2020	4.505
15.25	51.25	2020	8.867
-6.25	36.75	2020	0.048
29.75	61.75	2020	9.212
16.25	57.75	2020	16.748
12.25	53.25	2020	4.471
5.25	48.75	2020	9.82
-6.25	41.75	2020	5.773
16.75	60.25	2020	16.713
15.75	56.75	2020	22.779
-4.25	41.75	2020	1.739
29.25	65.75	2020	27.291
-1.75	38.25	2020	2.548
29.75	62.25	2020	13.285
13.75	61.25	2020	28.313
11.25	48.75	2020	6.038
15.25	53.25	2020	3.279
24.75	60.75	2020	12.877
15.75	64.75	2020	22.707
20.75	66.25	2020	23.145
7.25	52.75	2020	3.794
23.25	51.75	2020	6.732
30.75	62.25	2020	12.767
27.25	67.75	2020	21.507
-0.25	48.25	2020	2.338
21.25	52.75	2020	5.207
18.75	57.75	2020	6.152
-6.75	39.75	2020	1.228
20.25	65.25	2020	24.837
3.75	44.25	2020	16.812
10.75	52.75	2020	10.481
5.25	47.75	2020	9.397
10.75	54.25	2020	1.204
21.75	60.75	2020	11.858
21.75	51.25	2020	5.154
13.25	48.75	2020	8.014
15.25	58.25	2020	9.734
-0.25	43.25	2020	5.341
1.75	50.75	2020	1.324
4.75	49.25	2020	5.35
4.25	44.25	2020	9.342
15.75	52.75	2020	13.843
2.75	43.25	2020	6.107
7.75	52.25	2020	2.952
-6.25	37.75	2020	3.515
-1.25	46.75	2020	0.517
12.25	51.75	2020	4.62
12.25	58.75	2020	12.767
10.75	49.75	2020	9.598
16.75	62.75	2020	23.621
-7.25	37.75	2020	2.354
4.25	50.75	2020	1.131
13.25	56.25	2020	13.443
24.75	61.75	2020	16.707
17.25	65.75	2020	19.013
3.25	44.25	2020	13.915
13.25	51.25	2020	2.263
11.25	51.75	2020	5.874
15.75	61.25	2020	21.91
22.75	63.75	2020	7.012
-2.75	40.75	2020	5.172
23.25	51.25	2020	5.317
7.25	48.25	2020	13.444
